[debug] [2025-04-25T17:40:43.525Z] ----------------------------------------------------------------------
[debug] [2025-04-25T17:40:43.527Z] Command:       C:\nvm4w\nodejs\node.exe C:\Users\arjun\AppData\Roaming\npm\node_modules\firebase-tools\lib\bin\firebase.js deploy
[debug] [2025-04-25T17:40:43.527Z] CLI Version:   14.2.1
[debug] [2025-04-25T17:40:43.527Z] Platform:      win32
[debug] [2025-04-25T17:40:43.528Z] Node Version:  v20.15.0
[debug] [2025-04-25T17:40:43.528Z] Time:          Fri Apr 25 2025 23:10:43 GMT+0530 (India Standard Time)
[debug] [2025-04-25T17:40:43.528Z] ----------------------------------------------------------------------
[debug] 
[debug] [2025-04-25T17:40:43.710Z] > command requires scopes: ["email","openid","https://www.googleapis.com/auth/cloudplatformprojects.readonly","https://www.googleapis.com/auth/firebase","https://www.googleapis.com/auth/cloud-platform"]
[debug] [2025-04-25T17:40:43.710Z] > authorizing via signed-in user (interlinkmadras@gmail.com)
[debug] [2025-04-25T17:40:43.711Z] [iam] checking project dc30-27467 for permissions ["firebase.projects.get","firebasehosting.sites.update"]
[debug] [2025-04-25T17:40:43.712Z] Checked if tokens are valid: true, expires at: 1745606064335
[debug] [2025-04-25T17:40:43.712Z] Checked if tokens are valid: true, expires at: 1745606064335
[debug] [2025-04-25T17:40:43.713Z] >>> [apiv2][query] POST https://cloudresourcemanager.googleapis.com/v1/projects/dc30-27467:testIamPermissions [none]
[debug] [2025-04-25T17:40:43.713Z] >>> [apiv2][(partial)header] POST https://cloudresourcemanager.googleapis.com/v1/projects/dc30-27467:testIamPermissions x-goog-quota-user=projects/dc30-27467
[debug] [2025-04-25T17:40:43.713Z] >>> [apiv2][body] POST https://cloudresourcemanager.googleapis.com/v1/projects/dc30-27467:testIamPermissions {"permissions":["firebase.projects.get","firebasehosting.sites.update"]}
[debug] [2025-04-25T17:40:46.448Z] <<< [apiv2][status] POST https://cloudresourcemanager.googleapis.com/v1/projects/dc30-27467:testIamPermissions 200
[debug] [2025-04-25T17:40:46.449Z] <<< [apiv2][body] POST https://cloudresourcemanager.googleapis.com/v1/projects/dc30-27467:testIamPermissions {"permissions":["firebase.projects.get","firebasehosting.sites.update"]}
[debug] [2025-04-25T17:40:46.449Z] Checked if tokens are valid: true, expires at: 1745606064335
[debug] [2025-04-25T17:40:46.449Z] Checked if tokens are valid: true, expires at: 1745606064335
[debug] [2025-04-25T17:40:46.450Z] >>> [apiv2][query] GET https://firebase.googleapis.com/v1beta1/projects/dc30-27467 [none]
[debug] [2025-04-25T17:40:46.973Z] <<< [apiv2][status] GET https://firebase.googleapis.com/v1beta1/projects/dc30-27467 200
[debug] [2025-04-25T17:40:46.973Z] <<< [apiv2][body] GET https://firebase.googleapis.com/v1beta1/projects/dc30-27467 {"projectId":"dc30-27467","projectNumber":"889888259959","displayName":"DC30","name":"projects/dc30-27467","resources":{"hostingSite":"dc30-27467"},"state":"ACTIVE","etag":"1_a056c7a1-f923-49ae-b304-165a8946c37c"}
[info] 
   Thank you for trying our early preview of Next.js support on Firebase Hosting.
   During the preview, support is best-effort and breaking changes can be expected. Proceed with caution.
   The integration is known to work with Next.js version 12 - 15.0. You may encounter errors.

   Documentation: https://firebase.google.com/docs/hosting/frameworks/nextjs
   File a bug: https://github.com/firebase/firebase-tools/issues/new?template=bug_report.md
   Submit a feature request: https://github.com/firebase/firebase-tools/issues/new?template=feature_request.md

   We'd love to learn from you. Express your interest in helping us shape the future of Firebase Hosting: https://goo.gle/41enW5X

[debug] [2025-04-25T17:40:54.543Z] Checked if tokens are valid: true, expires at: 1745606064335
[debug] [2025-04-25T17:40:54.543Z] Checked if tokens are valid: true, expires at: 1745606064335
[debug] [2025-04-25T17:40:54.543Z] >>> [apiv2][query] GET https://firebasehosting.googleapis.com/v1beta1/projects/dc30-27467/sites/dc30-27467 [none]
[debug] [2025-04-25T17:40:55.626Z] <<< [apiv2][status] GET https://firebasehosting.googleapis.com/v1beta1/projects/dc30-27467/sites/dc30-27467 200
[debug] [2025-04-25T17:40:55.626Z] <<< [apiv2][body] GET https://firebasehosting.googleapis.com/v1beta1/projects/dc30-27467/sites/dc30-27467 {"name":"projects/dc30-27467/sites/dc30-27467","defaultUrl":"https://dc30-27467.web.app","appId":"1:889888259959:web:69784d2960d7ed4097ab72","type":"DEFAULT_SITE"}
[info]    ▲ Next.js 15.2.4

[info] 

[info]    Creating an optimized production build ...

[info] <w> [webpack.cache.PackFileCacheStrategy] Caching failed for pack: Error: ENOENT: no such file or directory, rename 'C:\Users\arjun\Downloads\dreamclerk-landing (6)\.next\cache\webpack\client-production\0.pack_' -> 'C:\Users\arjun\Downloads\dreamclerk-landing (6)\.next\cache\webpack\client-production\0.pack'

[info]  ✓ Compiled successfully

[info]    Linting and checking validity of types ...

[info] Failed to compile.


[info] ./components/ask-question-modal.tsx:10:25
Type error: Cannot find module '@/context/user-context' or its corresponding type declarations.

   8 | import { X, Send, Tag } from "lucide-react"
   9 | import { motion, AnimatePresence } from "framer-motion"
> 10 | import { useUser } from "@/context/user-context"
     |                         ^
  11 | import { useRouter } from "next/navigation"
  12 |
  13 | interface AskQuestionModalProps {

[info] Next.js build worker exited with code: 1 and signal: null

[debug] [2025-04-25T17:45:33.589Z] Error: Timed out.
    at Timeout._onTimeout (C:\Users\arjun\AppData\Roaming\npm\node_modules\firebase-tools\lib\utils.js:269:49)
    at listOnTimeout (node:internal/timers:573:17)
    at process.processTimers (node:internal/timers:514:7)
[error] 
[error] Error: An unexpected error has occurred.
